<?xml version="1.0" encoding="UTF-8"?>
<!-- Generated by org.testng.reporters.JUnitReportReporter -->
<testsuite hostname="DESKTOP-E1IG58Q" failures="0" tests="1" name="testngpkg.Notificationdisable" time="4.240" errors="0" timestamp="2024-04-18T10:59:19 GST" skipped="0">
  <testcase classname="testngpkg.Notificationdisable" name="test" time="4.240"/>
  <system-out/>
</testsuite> <!-- testngpkg.Notificationdisable -->
