<?xml version="1.0" encoding="UTF-8"?>
<!-- Generated by org.testng.reporters.JUnitReportReporter -->
<testsuite hostname="DESKTOP-E1IG58Q" failures="0" tests="1" name="testngpkg.Fileupaloadautoit" time="10.475" errors="0" timestamp="2024-04-18T10:46:05 GST" skipped="0">
  <testcase classname="testngpkg.Fileupaloadautoit" name="test" time="10.475"/>
  <system-out/>
</testsuite> <!-- testngpkg.Fileupaloadautoit -->
