<?xml version="1.0" encoding="UTF-8"?>
<!-- Generated by org.testng.reporters.JUnitReportReporter -->
<testsuite hostname="DESKTOP-E1IG58Q" failures="0" tests="3" name="testngpkg.Crossbrowser" time="10.549" errors="0" timestamp="2024-04-09T11:07:52 GST" skipped="0">
  <testcase classname="testngpkg.Crossbrowser" name="test1" time="2.138"/>
  <system-out/>
  <testcase classname="testngpkg.Crossbrowser" name="test1" time="4.844"/>
  <system-out/>
  <testcase classname="testngpkg.Crossbrowser" name="test1" time="3.567"/>
  <system-out/>
</testsuite> <!-- testngpkg.Crossbrowser -->
