<?xml version="1.0" encoding="UTF-8"?>
<!-- Generated by org.testng.reporters.JUnitReportReporter -->
<testsuite hostname="DESKTOP-E1IG58Q" failures="0" tests="1" name="testngpkg.Fileuploadrobot" time="8.764" errors="0" timestamp="2024-04-17T10:12:02 GST" skipped="0">
  <testcase classname="testngpkg.Fileuploadrobot" name="test" time="8.764"/>
  <system-out/>
</testsuite> <!-- testngpkg.Fileuploadrobot -->
