<?xml version="1.0" encoding="UTF-8"?>
<!-- Generated by org.testng.reporters.JUnitReportReporter -->
<testsuite hostname="DESKTOP-E1IG58Q" failures="0" tests="1" name="testngpkg.Assertionprgm" time="1.625" errors="0" timestamp="2024-04-22T09:50:20 GST" skipped="0">
  <testcase classname="testngpkg.Assertionprgm" name="test" time="1.625"/>
  <system-out/>
</testsuite> <!-- testngpkg.Assertionprgm -->
