<?xml version="1.0" encoding="UTF-8"?>
<!-- Generated by org.testng.reporters.JUnitReportReporter -->
<testsuite hostname="DESKTOP-E1IG58Q" failures="0" tests="1" name="testngpkg.Datepicker" time="10.940" errors="0" timestamp="2024-04-23T11:35:54 GST" skipped="0">
  <testcase classname="testngpkg.Datepicker" name="datepicker" time="10.940"/>
  <system-out/>
</testsuite> <!-- testngpkg.Datepicker -->
