<?xml version="1.0" encoding="UTF-8"?>
<!-- Generated by org.testng.reporters.JUnitReportReporter -->
<testsuite hostname="DESKTOP-E1IG58Q" failures="0" tests="1" name="testpkg.Createtest" time="2.318" errors="0" timestamp="2024-04-24T21:01:43 GST" skipped="0">
  <testcase classname="testpkg.Createtest" name="test" time="2.318"/>
  <system-out/>
</testsuite> <!-- testpkg.Createtest -->
