<?xml version="1.0" encoding="UTF-8"?>
<!-- Generated by org.testng.reporters.JUnitReportReporter -->
<testsuite hostname="DESKTOP-E1IG58Q" failures="0" tests="1" name="testngpkg.Windowhandle" time="10.704" errors="0" timestamp="2024-04-20T09:56:32 GST" skipped="0">
  <testcase classname="testngpkg.Windowhandle" name="hangler" time="10.704"/>
  <system-out/>
</testsuite> <!-- testngpkg.Windowhandle -->
