<?xml version="1.0" encoding="UTF-8"?>
<!-- Generated by org.testng.reporters.JUnitReportReporter -->
<testsuite hostname="DESKTOP-E1IG58Q" failures="0" tests="1" name="testpkg.fblogintest" time="0.660" errors="0" timestamp="2024-04-24T21:27:15 GST" skipped="0">
  <testcase classname="testpkg.fblogintest" name="logintest" time="0.660"/>
  <system-out/>
</testsuite> <!-- testpkg.fblogintest -->
