<?xml version="1.0" encoding="UTF-8"?>
<!-- Generated by org.testng.reporters.JUnitReportReporter -->
<testsuite hostname="DESKTOP-E1IG58Q" failures="0" tests="1" name="testngpkg.Fileupload" time="5.453" errors="0" timestamp="2024-04-16T11:23:00 GST" skipped="0">
  <testcase classname="testngpkg.Fileupload" name="test" time="5.453"/>
  <system-out/>
</testsuite> <!-- testngpkg.Fileupload -->
