<?xml version="1.0" encoding="UTF-8"?>
<!-- Generated by org.testng.reporters.JUnitReportReporter -->
<testsuite hostname="DESKTOP-E1IG58Q" failures="0" tests="2" name="testngpkg.Demoprgm2" time="0.028" errors="0" timestamp="2024-04-08T11:13:20 GST" skipped="0">
  <testcase classname="testngpkg.Demoprgm2" name="test1" time="0.013"/>
  <system-out/>
  <testcase classname="testngpkg.Demoprgm2" name="test3" time="0.015"/>
  <system-out/>
</testsuite> <!-- testngpkg.Demoprgm2 -->
