<?xml version="1.0" encoding="UTF-8"?>
<!-- Generated by org.testng.reporters.JUnitReportReporter -->
<testsuite hostname="DESKTOP-E1IG58Q" failures="0" tests="6" name="testngpkg.Testngdemoprgm" time="0.059" errors="0" timestamp="2024-04-08T11:22:28 GST" skipped="1">
  <testcase classname="testngpkg.Testngdemoprgm" name="test3" time="0.015"/>
  <system-out/>
  <testcase classname="testngpkg.Testngdemoprgm" name="test2" time="0.006"/>
  <system-out/>
  <testcase classname="testngpkg.Testngdemoprgm" name="test2" time="0.017"/>
  <system-out/>
  <testcase classname="testngpkg.Testngdemoprgm" name="test2" time="0.007"/>
  <system-out/>
  <testcase classname="testngpkg.Testngdemoprgm" name="test2" time="0.014"/>
  <system-out/>
  <testcase classname="testngpkg.Testngdemoprgm" name="test1">
    <skipped/>
  </testcase> <!-- test1 -->
  <system-out/>
</testsuite> <!-- testngpkg.Testngdemoprgm -->
