<?xml version="1.0" encoding="UTF-8"?>
<!-- Generated by org.testng.reporters.JUnitReportReporter -->
<testsuite hostname="DESKTOP-E1IG58Q" failures="0" tests="1" name="testngpkg.Datadriven" time="13.828" errors="0" timestamp="2024-04-19T10:39:00 GST" skipped="0">
  <testcase classname="testngpkg.Datadriven" name="test" time="13.828"/>
  <system-out/>
</testsuite> <!-- testngpkg.Datadriven -->
