<?xml version="1.0" encoding="UTF-8"?>
<!-- Generated by org.testng.reporters.JUnitReportReporter -->
<testsuite hostname="DESKTOP-E1IG58Q" failures="0" tests="1" name="testngpkg.Torridsite" time="10.107" errors="0" timestamp="2024-04-16T11:02:38 GST" skipped="0">
  <testcase classname="testngpkg.Torridsite" name="test1" time="10.107"/>
  <system-out/>
</testsuite> <!-- testngpkg.Torridsite -->
